<?xml version="1.0" encoding="UTF-8"?>
<testng-results ignored="0" total="1" passed="1" failed="0" skipped="0">
  <reporter-output>
  </reporter-output>
  <suite started-at="2022-03-03T16:13:21 EST" name="Default suite" finished-at="2022-03-03T16:13:28 EST" duration-ms="6821">
    <groups>
    </groups>
    <test started-at="2022-03-03T16:13:21 EST" name="Default test" finished-at="2022-03-03T16:13:28 EST" duration-ms="6821">
      <class name="qaAcademy.Practice_Maven.extentReports">
        <test-method is-config="true" signature="beforeTestDemo()[pri:0, instance:qaAcademy.Practice_Maven.extentReports@53aac487]" started-at="2022-03-03T16:13:21 EST" name="beforeTestDemo" finished-at="2022-03-03T16:13:21 EST" duration-ms="176" status="PASS">
          <reporter-output>
          </reporter-output>
        </test-method> <!-- beforeTestDemo -->
        <test-method signature="initialDemo()[pri:0, instance:qaAcademy.Practice_Maven.extentReports@53aac487]" started-at="2022-03-03T16:13:21 EST" name="initialDemo" finished-at="2022-03-03T16:13:28 EST" duration-ms="6610" status="PASS">
          <reporter-output>
          </reporter-output>
        </test-method> <!-- initialDemo -->
      </class> <!-- qaAcademy.Practice_Maven.extentReports -->
    </test> <!-- Default test -->
  </suite> <!-- Default suite -->
</testng-results>
